trunc_gaussion_initializer for a tensor of shape [20, 5].
trunc_gaussion_initializer for a tensor of shape [1, 20].
**** testing: start a new dataloader initialization...
**** testing: end a new dataloader initialization.
step=0 test_loss=0.1649 lr=0.0000 label_mean=0.3695
step=2000 test_loss=0.1336 lr=0.0990 label_mean=0.3695
step=4000 test_loss=0.1266 lr=0.0965 label_mean=0.3695
step=6000 test_loss=0.1202 lr=0.0935 label_mean=0.3695
step=8000 test_loss=0.1122 lr=0.0910 label_mean=0.3695
step=10000 test_loss=0.1049 lr=0.0900 label_mean=0.3695
step=12000 test_loss=0.0921 lr=0.0900 label_mean=0.3695
step=14000 test_loss=0.0760 lr=0.0900 label_mean=0.3695
step=16000 test_loss=0.0637 lr=0.0900 label_mean=0.3695
step=18000 test_loss=0.0500 lr=0.0900 label_mean=0.3695
step=20000 test_loss=0.0398 lr=0.0900 label_mean=0.3695
step=22000 test_loss=0.0351 lr=0.0900 label_mean=0.3695
step=24000 test_loss=0.0322 lr=0.0900 label_mean=0.3695
step=26000 test_loss=0.0305 lr=0.0900 label_mean=0.3695
step=28000 test_loss=0.0299 lr=0.0900 label_mean=0.3695
time 22.31717801094055
best precision = 0.029864
============= 0-layer's ================
weight =
[0.023831719824783593, -0.17057099199469258, -0.10276506374385874, -0.015963837056166528, -0.20870069594782506]
[-0.07114520169354853, -0.009029530315255462, -0.11397334509575206, -0.177042588270301, -0.08211393544836701]
[0.05440193657946808, -0.09800905085618394, -0.06725604109946141, 0.12417272703686126, -0.11168482692928615]
[0.12173564148024449, 0.3439063375888639, -0.038710418434616735, 0.2206194780653719, 0.04358715248409844]
[-0.06324368447728342, 0.14091169548403912, 0.11251491493367968, -0.09561635006824837, -0.042111588985395895]
[0.02326872036436907, -0.1194197611725373, 0.06260839047281691, 0.2316344342251429, -0.10853127880094993]
[-0.17975717907411867, 0.03821209085793824, -0.0014390806042263444, 0.19271344449171596, 0.009337613912297798]
[-0.0359497209869955, -0.028208781987974618, -0.10947427064887534, 0.04543691041114446, -0.1834013345074759]
[0.11344372235369905, -0.0026168818540405485, 0.04695811670687264, -0.05798605578304998, -0.09178357773295676]
[-0.10286908124318687, -0.1563686798941213, -0.0932640779221111, -0.22527841195396747, -0.10662383136047683]
[0.1786830888698566, -0.008440865113807122, 0.17703551594233843, 0.16171910888197819, -0.03416483807571894]
[0.0862909764177597, 0.1533319016154213, 0.1403137481778123, 0.044533566981963764, 0.022046271439633076]
[0.19745799791088497, -0.021824871501101583, 0.23072075741711454, 0.09158283128124885, 0.11615127345010669]
[0.12225625084398756, 0.045052773328609956, 0.07653281035158588, 0.0804887698283069, 0.19585969392365016]
[0.214303199758291, 0.1836188171824826, 0.02204555020250293, 0.06545713461150789, 0.21504517329931017]
[-0.026246578198325054, -0.00493445194062088, -0.21883933000413983, 0.144914680209469, -0.14036069907789392]
[0.23418599841010276, -0.09494616678713291, -0.0536702529548213, 0.022083711770042622, 0.044525262719071174]
[-0.04193780502956836, 0.10167819576068489, -0.14915586652988655, 0.1365993647316269, -0.04058895693115414]
[-0.011471715508058016, -0.13095310349393047, -0.23463722804848974, -0.06914869943398907, 0.03435711884340435]
[-0.041924624948271184, -0.0001099594257073045, -0.0537917510236037, -0.11246787699898528, -0.13564941622050994]
bias = 
 [0.19150638028147582, 0.1841835740552356, 0.04797838394629363, -0.30699531922025897, -0.02279651943355261, -0.04112464543227193, -0.02963774218825623, 0.11862224049079305, -0.004337010660220248, 0.3356492836587923, -0.21948993393608976, -0.1953139811603242, -0.2672670240442482, -0.23892616590329652, -0.3076221345678856, 0.09730208116694215, -0.06632176714109128, -0.014456558299591445, 0.19804161816049257, 0.1332579952681294]
============= 1-layer's ================
weight =
[-0.6367848077976601, -0.6119366483175855, -0.1570505696603055, 1.0069258108816872, 0.07005007407069966, 0.13354152269018182, 0.09519452115653824, -0.3990828128393571, 0.011815606323518572, -1.0961271359442306, 0.7184548149685903, 0.6405978099640631, 0.8831892791937166, 0.7886408521084288, 1.0170808817698886, -0.32475850904303943, 0.22338954399983688, 0.04313198038404585, -0.6421599128576316, -0.44702428529573296]
bias = 
 [-0.8407743272290716]
